<?xml version="1.0" encoding="UTF-8"?>
<!-- Generated by org.testng.reporters.JUnitReportReporter -->
<testsuite hostname="LAPTOP-AMLVB752" failures="0" tests="1" name="Day1.HTTPrequest" time="1.349" errors="0" timestamp="2025-01-09T00:42:54 IST" skipped="0">
  <testcase classname="Day1.HTTPrequest" name="validateCoinDeskApiResponse" time="1.349"/>
</testsuite> <!-- Day1.HTTPrequest -->
